<?xml version="1.0" encoding="UTF-8"?>
<!-- Generated by org.testng.reporters.JUnitReportReporter -->
<testsuite skipped="0" hostname="DESKTOP-1HQKQ24" name="Ant.LoadPage" tests="1" failures="0" timestamp="2020-04-23T12:29:09 CDT" time="23.492" errors="0">
  <testcase name="Load" time="23.492" classname="Ant.LoadPage"/>
  <system-out/>
</testsuite> <!-- Ant.LoadPage -->
